<?xml version="1.0" encoding="UTF-8"?>
<!-- Generated by org.testng.reporters.JUnitXMLReporter -->
<testsuite ignored="2" hostname="vm-lab21-19-372" failures="0" tests="1" name="Default test" time="179.261" errors="0" timestamp="2024-10-05T07:15:08 UTC">
  <testcase classname="RestAssuredPrograms.RestAssuredDemo1" name="testGetAllProducts" time="179.229"/>
  <testcase classname="RestAssuredPrograms.RestAssuredDemo1" name="getUsers" time="0.0">
    <ignored/>
  </testcase> <!-- getUsers -->
  <testcase classname="RestAssuredPrograms.RestAssuredDemo1" name="testGetUsers" time="0.0">
    <ignored/>
  </testcase> <!-- testGetUsers -->
</testsuite> <!-- Default test -->
