<?xml version="1.0" encoding="UTF-8"?>
<!-- Generated by org.testng.reporters.JUnitXMLReporter -->
<testsuite ignored="0" hostname="vm-lab21-19-372" failures="0" tests="3" name="Test" time="57.583" errors="0" timestamp="2024-09-27T05:44:40 UTC">
  <testcase classname="KateTCs.KateTC1" name="KateSpadeTC1" time="14.526"/>
  <testcase classname="KateTCs.KateTC1" name="KateSpadeTC2" time="27.143"/>
  <testcase classname="KateTCs.KateTC1" name="KateSpadeTC3" time="12.379"/>
</testsuite> <!-- Test -->
