<?xml version="1.0" encoding="UTF-8"?>
<testng-results ignored="2" total="3" passed="1" failed="0" skipped="0">
  <reporter-output>
  </reporter-output>
  <suite started-at="2024-10-05T07:12:09 UTC" name="Default suite" finished-at="2024-10-05T07:15:08 UTC" duration-ms="179261">
    <groups>
    </groups>
    <test started-at="2024-10-05T07:12:09 UTC" name="Default test" finished-at="2024-10-05T07:15:08 UTC" duration-ms="179261">
      <class name="RestAssuredPrograms.RestAssuredDemo1">
        <test-method signature="testGetAllProducts()[pri:0, instance:RestAssuredPrograms.RestAssuredDemo1@33afa13b]" started-at="2024-10-05T07:12:09 UTC" name="testGetAllProducts" finished-at="2024-10-05T07:15:08 UTC" duration-ms="179229" status="PASS">
          <reporter-output>
          </reporter-output>
        </test-method> <!-- testGetAllProducts -->
      </class> <!-- RestAssuredPrograms.RestAssuredDemo1 -->
    </test> <!-- Default test -->
  </suite> <!-- Default suite -->
</testng-results>
